[01-Mar-2021 15:46:41 asia/jakarta] PHP Fatal error:  Uncaught ReflectionException: Class view does not exist in /home/omnilinkz/public_html/test-server/vendor/laravel/framework/src/Illuminate/Container/Container.php:779
Stack trace:
#0 /home/omnilinkz/public_html/test-server/vendor/laravel/framework/src/Illuminate/Container/Container.php(779): ReflectionClass->__construct('view')
#1 /home/omnilinkz/public_html/test-server/vendor/laravel/framework/src/Illuminate/Container/Container.php(658): Illuminate\Container\Container->build('view')
#2 /home/omnilinkz/public_html/test-server/vendor/laravel/framework/src/Illuminate/Container/Container.php(609): Illuminate\Container\Container->resolve('view', Array)
#3 /home/omnilinkz/public_html/test-server/vendor/laravel/framework/src/Illuminate/Foundation/Application.php(759): Illuminate\Container\Container->make('view', Array)
#4 /home/omnilinkz/public_html/test-server/vendor/laravel/framework/src/Illuminate/Container/Container.php(1222): Illuminate\Foundation\Application->make('view')
#5 /home/omnilinkz/public_html/test-s in /home/omnilinkz/public_html/test-server/vendor/laravel/framework/src/Illuminate/Container/Container.php on line 779
[01-Mar-2021 15:46:44 asia/jakarta] PHP Fatal error:  Uncaught ReflectionException: Class view does not exist in /home/omnilinkz/public_html/test-server/vendor/laravel/framework/src/Illuminate/Container/Container.php:779
Stack trace:
#0 /home/omnilinkz/public_html/test-server/vendor/laravel/framework/src/Illuminate/Container/Container.php(779): ReflectionClass->__construct('view')
#1 /home/omnilinkz/public_html/test-server/vendor/laravel/framework/src/Illuminate/Container/Container.php(658): Illuminate\Container\Container->build('view')
#2 /home/omnilinkz/public_html/test-server/vendor/laravel/framework/src/Illuminate/Container/Container.php(609): Illuminate\Container\Container->resolve('view', Array)
#3 /home/omnilinkz/public_html/test-server/vendor/laravel/framework/src/Illuminate/Foundation/Application.php(759): Illuminate\Container\Container->make('view', Array)
#4 /home/omnilinkz/public_html/test-server/vendor/laravel/framework/src/Illuminate/Container/Container.php(1222): Illuminate\Foundation\Application->make('view')
#5 /home/omnilinkz/public_html/test-s in /home/omnilinkz/public_html/test-server/vendor/laravel/framework/src/Illuminate/Container/Container.php on line 779
[01-Mar-2021 15:46:44 asia/jakarta] PHP Fatal error:  Uncaught ReflectionException: Class view does not exist in /home/omnilinkz/public_html/test-server/vendor/laravel/framework/src/Illuminate/Container/Container.php:779
Stack trace:
#0 /home/omnilinkz/public_html/test-server/vendor/laravel/framework/src/Illuminate/Container/Container.php(779): ReflectionClass->__construct('view')
#1 /home/omnilinkz/public_html/test-server/vendor/laravel/framework/src/Illuminate/Container/Container.php(658): Illuminate\Container\Container->build('view')
#2 /home/omnilinkz/public_html/test-server/vendor/laravel/framework/src/Illuminate/Container/Container.php(609): Illuminate\Container\Container->resolve('view', Array)
#3 /home/omnilinkz/public_html/test-server/vendor/laravel/framework/src/Illuminate/Foundation/Application.php(759): Illuminate\Container\Container->make('view', Array)
#4 /home/omnilinkz/public_html/test-server/vendor/laravel/framework/src/Illuminate/Container/Container.php(1222): Illuminate\Foundation\Application->make('view')
#5 /home/omnilinkz/public_html/test-s in /home/omnilinkz/public_html/test-server/vendor/laravel/framework/src/Illuminate/Container/Container.php on line 779
[01-Mar-2021 15:46:44 asia/jakarta] PHP Fatal error:  Uncaught ReflectionException: Class view does not exist in /home/omnilinkz/public_html/test-server/vendor/laravel/framework/src/Illuminate/Container/Container.php:779
Stack trace:
#0 /home/omnilinkz/public_html/test-server/vendor/laravel/framework/src/Illuminate/Container/Container.php(779): ReflectionClass->__construct('view')
#1 /home/omnilinkz/public_html/test-server/vendor/laravel/framework/src/Illuminate/Container/Container.php(658): Illuminate\Container\Container->build('view')
#2 /home/omnilinkz/public_html/test-server/vendor/laravel/framework/src/Illuminate/Container/Container.php(609): Illuminate\Container\Container->resolve('view', Array)
#3 /home/omnilinkz/public_html/test-server/vendor/laravel/framework/src/Illuminate/Foundation/Application.php(759): Illuminate\Container\Container->make('view', Array)
#4 /home/omnilinkz/public_html/test-server/vendor/laravel/framework/src/Illuminate/Container/Container.php(1222): Illuminate\Foundation\Application->make('view')
#5 /home/omnilinkz/public_html/test-s in /home/omnilinkz/public_html/test-server/vendor/laravel/framework/src/Illuminate/Container/Container.php on line 779
